<?xml version="1.0" encoding="UTF-8"?>
<!-- Generated by org.testng.reporters.JUnitXMLReporter -->
<testsuite ignored="0" hostname="viveks-MacBook-Air.local" failures="0" tests="6" name="Login Page Test" time="25.349" errors="0" timestamp="2024-07-16T10:00:26 IST">
  <testcase classname="com.qa.opencart.tests.LoginPageTest" name="loginPageTitleTest" time="0.109"/>
  <testcase classname="com.qa.opencart.tests.LoginPageTest" name="loginPageUrlTest" time="5.129"/>
  <testcase classname="com.qa.opencart.tests.LoginPageTest" name="forgotpwdLinkExitTest" time="1.099"/>
  <testcase classname="com.qa.opencart.tests.AccountPageTest" name="accPageHeaderTest" time="0.473"/>
  <testcase classname="com.qa.opencart.tests.AccountPageTest" name="accPageTitleTest" time="0.01"/>
  <testcase classname="com.qa.opencart.tests.LoginPageTest" name="loginTest" time="5.102"/>
</testsuite> <!-- Login Page Test -->
