<?xml version="1.0" encoding="UTF-8"?>
<testng-results ignored="0" total="7" passed="6" failed="1" skipped="0">
  <reporter-output>
  </reporter-output>
  <suite started-at="2024-07-16T10:00:00 IST" name="Opencart App Test Regression Suite" finished-at="2024-07-16T10:00:49 IST" duration-ms="48448">
    <groups>
    </groups>
    <test started-at="2024-07-16T10:00:00 IST" name="Account Page Test" finished-at="2024-07-16T10:00:49 IST" duration-ms="48448">
      <class name="com.qa.opencart.tests.AccountPageTest">
        <test-method is-config="true" signature="setUp(java.lang.String)[pri:0, instance:com.qa.opencart.tests.AccountPageTest@4bb33f74]" started-at="2024-07-16T10:00:00 IST" name="setUp" finished-at="2024-07-16T10:00:14 IST" duration-ms="14177" status="PASS">
          <params>
            <param index="0">
              <value>
                <![CDATA[edge]]>
              </value>
            </param>
          </params>
          <reporter-output>
          </reporter-output>
        </test-method> <!-- setUp -->
        <test-method is-config="true" signature="accSetUp()[pri:0, instance:com.qa.opencart.tests.AccountPageTest@4bb33f74]" started-at="2024-07-16T10:00:14 IST" name="accSetUp" finished-at="2024-07-16T10:00:23 IST" duration-ms="9182" status="PASS">
          <reporter-output>
          </reporter-output>
        </test-method> <!-- accSetUp -->
        <test-method signature="accPageHeaderTest()[pri:0, instance:com.qa.opencart.tests.AccountPageTest@4bb33f74]" started-at="2024-07-16T10:00:23 IST" name="accPageHeaderTest" finished-at="2024-07-16T10:00:24 IST" duration-ms="473" status="PASS">
          <reporter-output>
          </reporter-output>
        </test-method> <!-- accPageHeaderTest -->
        <test-method signature="accPageTitleTest()[pri:0, instance:com.qa.opencart.tests.AccountPageTest@4bb33f74]" started-at="2024-07-16T10:00:24 IST" name="accPageTitleTest" finished-at="2024-07-16T10:00:24 IST" duration-ms="10" status="PASS">
          <reporter-output>
          </reporter-output>
        </test-method> <!-- accPageTitleTest -->
        <test-method signature="accPageUrlTest()[pri:0, instance:com.qa.opencart.tests.AccountPageTest@4bb33f74]" started-at="2024-07-16T10:00:24 IST" name="accPageUrlTest" finished-at="2024-07-16T10:00:29 IST" duration-ms="5262" status="PASS">
          <reporter-output>
          </reporter-output>
        </test-method> <!-- accPageUrlTest -->
        <test-method signature="searchTest(java.lang.String, int)[pri:0, instance:com.qa.opencart.tests.AccountPageTest@4bb33f74]" started-at="2024-07-16T10:00:29 IST" name="searchTest" data-provider="getSearchData" finished-at="2024-07-16T10:00:31 IST" duration-ms="2206" status="PASS">
          <params>
            <param index="0">
              <value>
                <![CDATA[macbook]]>
              </value>
            </param>
            <param index="1">
              <value>
                <![CDATA[3]]>
              </value>
            </param>
          </params>
          <reporter-output>
          </reporter-output>
        </test-method> <!-- searchTest -->
        <test-method signature="searchTest(java.lang.String, int)[pri:0, instance:com.qa.opencart.tests.AccountPageTest@4bb33f74]" started-at="2024-07-16T10:00:31 IST" name="searchTest" data-provider="getSearchData" finished-at="2024-07-16T10:00:33 IST" duration-ms="1162" status="PASS">
          <params>
            <param index="0">
              <value>
                <![CDATA[imac]]>
              </value>
            </param>
            <param index="1">
              <value>
                <![CDATA[1]]>
              </value>
            </param>
          </params>
          <reporter-output>
          </reporter-output>
        </test-method> <!-- searchTest -->
        <test-method signature="searchTest(java.lang.String, int)[pri:0, instance:com.qa.opencart.tests.AccountPageTest@4bb33f74]" started-at="2024-07-16T10:00:33 IST" name="searchTest" data-provider="getSearchData" finished-at="2024-07-16T10:00:36 IST" duration-ms="2962" status="PASS">
          <params>
            <param index="0">
              <value>
                <![CDATA[samsung]]>
              </value>
            </param>
            <param index="1">
              <value>
                <![CDATA[2]]>
              </value>
            </param>
          </params>
          <reporter-output>
          </reporter-output>
        </test-method> <!-- searchTest -->
        <test-method signature="searchTest(java.lang.String, int)[pri:0, instance:com.qa.opencart.tests.AccountPageTest@4bb33f74]" started-at="2024-07-16T10:00:36 IST" name="searchTest" data-provider="getSearchData" finished-at="2024-07-16T10:00:47 IST" duration-ms="11851" status="FAIL">
          <params>
            <param index="0">
              <value>
                <![CDATA[Airtel]]>
              </value>
            </param>
            <param index="1">
              <value>
                <![CDATA[0]]>
              </value>
            </param>
          </params>
          <exception class="org.openqa.selenium.TimeoutException">
            <message>
              <![CDATA[Expected condition failed: waiting for presence of any elements located by By.cssSelector: div.product-thumb (tried for 10 second(s) with 500 milliseconds interval)
Build info: version: '4.21.0', revision: '79ed462ef4'
System info: os.name: 'Mac OS X', os.arch: 'aarch64', os.version: '14.5', java.version: '11.0.20'
Driver info: org.openqa.selenium.edge.EdgeDriver
Capabilities {acceptInsecureCerts: false, browserName: MicrosoftEdge, browserVersion: 126.0.2592.102, fedcm:accounts: true, ms:edgeOptions: {debuggerAddress: localhost:58749}, msedge: {msedgedriverVersion: 126.0.2592.102 (720b5d614be..., userDataDir: /var/folders/2j/zy7xvbdx699...}, networkConnectionEnabled: false, pageLoadStrategy: normal, platformName: mac, proxy: Proxy(), se:cdp: ws://localhost:58749/devtoo..., se:cdpVersion: 126.0.2592.102, setWindowRect: true, strictFileInteractability: false, timeouts: {implicit: 0, pageLoad: 300000, script: 30000}, unhandledPromptBehavior: dismiss and notify, webauthn:extension:credBlob: true, webauthn:extension:largeBlob: true, webauthn:extension:minPinLength: true, webauthn:extension:prf: true, webauthn:virtualAuthenticators: true}
Session ID: eefac0dbe12e345deeea245f6fee8545]]>
            </message>
            <full-stacktrace>
              <![CDATA[org.openqa.selenium.TimeoutException: Expected condition failed: waiting for presence of any elements located by By.cssSelector: div.product-thumb (tried for 10 second(s) with 500 milliseconds interval)
Build info: version: '4.21.0', revision: '79ed462ef4'
System info: os.name: 'Mac OS X', os.arch: 'aarch64', os.version: '14.5', java.version: '11.0.20'
Driver info: org.openqa.selenium.edge.EdgeDriver
Capabilities {acceptInsecureCerts: false, browserName: MicrosoftEdge, browserVersion: 126.0.2592.102, fedcm:accounts: true, ms:edgeOptions: {debuggerAddress: localhost:58749}, msedge: {msedgedriverVersion: 126.0.2592.102 (720b5d614be..., userDataDir: /var/folders/2j/zy7xvbdx699...}, networkConnectionEnabled: false, pageLoadStrategy: normal, platformName: mac, proxy: Proxy(), se:cdp: ws://localhost:58749/devtoo..., se:cdpVersion: 126.0.2592.102, setWindowRect: true, strictFileInteractability: false, timeouts: {implicit: 0, pageLoad: 300000, script: 30000}, unhandledPromptBehavior: dismiss and notify, webauthn:extension:credBlob: true, webauthn:extension:largeBlob: true, webauthn:extension:minPinLength: true, webauthn:extension:prf: true, webauthn:virtualAuthenticators: true}
Session ID: eefac0dbe12e345deeea245f6fee8545
at org.openqa.selenium.support.ui.WebDriverWait.timeoutException(WebDriverWait.java:84)
at org.openqa.selenium.support.ui.FluentWait.until(FluentWait.java:228)
at com.qa.opencart.utils.ElementUtil.waitForPresenceOfElemenetsLocated(ElementUtil.java:404)
at com.qa.opencart.pages.SearchResultsPage.getSearchResultsCount(SearchResultsPage.java:25)
at com.qa.opencart.tests.AccountPageTest.searchTest(AccountPageTest.java:52)
at java.base/jdk.internal.reflect.NativeMethodAccessorImpl.invoke0(Native Method)
at java.base/jdk.internal.reflect.NativeMethodAccessorImpl.invoke(NativeMethodAccessorImpl.java:62)
at java.base/jdk.internal.reflect.DelegatingMethodAccessorImpl.invoke(DelegatingMethodAccessorImpl.java:43)
at java.base/java.lang.reflect.Method.invoke(Method.java:566)
at org.testng.internal.MethodInvocationHelper.invokeMethod(MethodInvocationHelper.java:133)
at org.testng.internal.TestInvoker.invokeMethod(TestInvoker.java:584)
at org.testng.internal.TestInvoker.invokeTestMethod(TestInvoker.java:172)
at org.testng.internal.MethodRunner.runInSequence(MethodRunner.java:46)
at org.testng.internal.TestInvoker$MethodInvocationAgent.invoke(TestInvoker.java:804)
at org.testng.internal.TestInvoker.invokeTestMethods(TestInvoker.java:145)
at org.testng.internal.TestMethodWorker.invokeTestMethods(TestMethodWorker.java:146)
at org.testng.internal.TestMethodWorker.run(TestMethodWorker.java:128)
at java.base/java.util.ArrayList.forEach(ArrayList.java:1541)
at org.testng.TestRunner.privateRun(TestRunner.java:770)
at org.testng.TestRunner.run(TestRunner.java:591)
at org.testng.SuiteRunner.runTest(SuiteRunner.java:402)
at org.testng.SuiteRunner.access$000(SuiteRunner.java:41)
at org.testng.SuiteRunner$SuiteWorker.run(SuiteRunner.java:443)
at org.testng.internal.thread.ThreadUtil.lambda$execute$0(ThreadUtil.java:67)
at java.base/java.util.concurrent.FutureTask.run(FutureTask.java:264)
at java.base/java.util.concurrent.ThreadPoolExecutor.runWorker(ThreadPoolExecutor.java:1128)
at java.base/java.util.concurrent.ThreadPoolExecutor$Worker.run(ThreadPoolExecutor.java:628)
at java.base/java.lang.Thread.run(Thread.java:834)
]]>
            </full-stacktrace>
          </exception> <!-- org.openqa.selenium.TimeoutException -->
          <reporter-output>
          </reporter-output>
        </test-method> <!-- searchTest -->
        <test-method is-config="true" signature="tearDown()[pri:0, instance:com.qa.opencart.tests.AccountPageTest@4bb33f74]" started-at="2024-07-16T10:00:47 IST" name="tearDown" finished-at="2024-07-16T10:00:49 IST" duration-ms="1144" status="PASS">
          <reporter-output>
          </reporter-output>
        </test-method> <!-- tearDown -->
      </class> <!-- com.qa.opencart.tests.AccountPageTest -->
    </test> <!-- Account Page Test -->
  </suite> <!-- Opencart App Test Regression Suite -->
</testng-results>
