<?xml version="1.0" encoding="UTF-8"?>
<!-- Generated by org.testng.reporters.JUnitXMLReporter -->
<testsuite hostname="DESKTOP-079II07" ignored="0" name="Default test" tests="4" failures="0" timestamp="2020-10-30T07:02:08 IST" time="0.046" errors="0">
  <testcase name="car" time="0.007" classname="packegeDemo1.TestNgClass"/>
  <testcase name="honda" time="0.001" classname="packegeDemo1.TestNgClass"/>
  <testcase name="audi" time="0.001" classname="packegeDemo1.TestNgClass"/>
  <testcase name="bmw" time="0.001" classname="packegeDemo1.TestNgClass"/>
</testsuite> <!-- Default test -->
